Created by PLY version 3.11 (http://www.dabeaz.com/ply)

Unused terminals:

    AND
    AS
    BREAK
    CASE
    CATCH
    COLON
    CONST
    CONTINUE
    DEFAULT
    DELETE
    DIVIDE_ASSIGN
    DO
    ELSE
    EXPORT
    EXTENDS
    FINALLY
    FOR
    FROM
    FUNCTION
    GREATER_EQUAL
    IMPLEMENTS
    IMPORT
    IN
    INSTANCEOF
    LBRACKET
    LESS_EQUAL
    LET
    MINUS
    MINUS_ASSIGN
    MODULO
    MODULO_ASSIGN
    MULTIPLY_ASSIGN
    NEW
    NOT
    NOT_EQUAL
    OR
    PLUS_ASSIGN
    PRINT
    QUESTION_MARK
    RBRACKET
    RETURN
    STRICT_EQUAL
    SUPER
    SWITCH
    THIS
    THROW
    TRY
    TYPEOF
    VAR
    VOID
    WHILE

Grammar

Rule 0     S' -> program
Rule 1     program -> statements
Rule 2     statements -> statement
Rule 3     statements -> statements statement
Rule 4     statement -> print
Rule 5     statement -> structure_declaration
Rule 6     statement -> input
Rule 7     statement -> error
Rule 8     statement -> condition
Rule 9     print -> CONSOLE DOT LOG LPAREN arguments RPAREN SEMICOLON
Rule 10    input -> VARIABLE ASSIGN INPUT LPAREN RPAREN SEMICOLON
Rule 11    input -> VARIABLE ASSIGN INPUT LPAREN RPAREN
Rule 12    expression -> STRING
Rule 13    expression -> VARIABLE
Rule 14    expression -> NUMBER
Rule 15    expression -> expression PLUS expression
Rule 16    term -> term MULTIPLY factor
Rule 17    term -> term DIVIDE factor
Rule 18    term -> factor
Rule 19    factor -> NUMBER
Rule 20    factor -> VARIABLE
Rule 21    condition -> IF LPAREN expression condition_operator expression RPAREN LBRACE statements RBRACE
Rule 22    condition_operator -> EQUAL
Rule 23    condition_operator -> GREATER
Rule 24    condition_operator -> LESS
Rule 25    arguments -> argument
Rule 26    arguments -> argument COMMA arguments
Rule 27    argument -> STRING
Rule 28    argument -> VARIABLE
Rule 29    argument -> NUMBER
Rule 30    structure_declaration -> CLASS VARIABLE LBRACE statements RBRACE

Terminals, with rules where they appear

AND                  : 
AS                   : 
ASSIGN               : 10 11
BREAK                : 
CASE                 : 
CATCH                : 
CLASS                : 30
COLON                : 
COMMA                : 26
CONSOLE              : 9
CONST                : 
CONTINUE             : 
DEFAULT              : 
DELETE               : 
DIVIDE               : 17
DIVIDE_ASSIGN        : 
DO                   : 
DOT                  : 9
ELSE                 : 
EQUAL                : 22
EXPORT               : 
EXTENDS              : 
FINALLY              : 
FOR                  : 
FROM                 : 
FUNCTION             : 
GREATER              : 23
GREATER_EQUAL        : 
IF                   : 21
IMPLEMENTS           : 
IMPORT               : 
IN                   : 
INPUT                : 10 11
INSTANCEOF           : 
LBRACE               : 21 30
LBRACKET             : 
LESS                 : 24
LESS_EQUAL           : 
LET                  : 
LOG                  : 9
LPAREN               : 9 10 11 21
MINUS                : 
MINUS_ASSIGN         : 
MODULO               : 
MODULO_ASSIGN        : 
MULTIPLY             : 16
MULTIPLY_ASSIGN      : 
NEW                  : 
NOT                  : 
NOT_EQUAL            : 
NUMBER               : 14 19 29
OR                   : 
PLUS                 : 15
PLUS_ASSIGN          : 
PRINT                : 
QUESTION_MARK        : 
RBRACE               : 21 30
RBRACKET             : 
RETURN               : 
RPAREN               : 9 10 11 21
SEMICOLON            : 9 10
STRICT_EQUAL         : 
STRING               : 12 27
SUPER                : 
SWITCH               : 
THIS                 : 
THROW                : 
TRY                  : 
TYPEOF               : 
VAR                  : 
VARIABLE             : 10 11 13 20 28 30
VOID                 : 
WHILE                : 
error                : 7

Nonterminals, with rules where they appear

argument             : 25 26
arguments            : 9 26
condition            : 8
condition_operator   : 21
expression           : 15 15 21 21
factor               : 16 17 18
input                : 6
print                : 4
program              : 0
statement            : 2 3
statements           : 1 3 21 30
structure_declaration : 5
term                 : 16 17

Parsing method: LALR

state 0

    (0) S' -> . program
    (1) program -> . statements
    (2) statements -> . statement
    (3) statements -> . statements statement
    (4) statement -> . print
    (5) statement -> . structure_declaration
    (6) statement -> . input
    (7) statement -> . error
    (8) statement -> . condition
    (9) print -> . CONSOLE DOT LOG LPAREN arguments RPAREN SEMICOLON
    (30) structure_declaration -> . CLASS VARIABLE LBRACE statements RBRACE
    (10) input -> . VARIABLE ASSIGN INPUT LPAREN RPAREN SEMICOLON
    (11) input -> . VARIABLE ASSIGN INPUT LPAREN RPAREN
    (21) condition -> . IF LPAREN expression condition_operator expression RPAREN LBRACE statements RBRACE

    error           shift and go to state 7
    CONSOLE         shift and go to state 9
    CLASS           shift and go to state 10
    VARIABLE        shift and go to state 11
    IF              shift and go to state 12

    program                        shift and go to state 1
    statements                     shift and go to state 2
    statement                      shift and go to state 3
    print                          shift and go to state 4
    structure_declaration          shift and go to state 5
    input                          shift and go to state 6
    condition                      shift and go to state 8

state 1

    (0) S' -> program .



state 2

    (1) program -> statements .
    (3) statements -> statements . statement
    (4) statement -> . print
    (5) statement -> . structure_declaration
    (6) statement -> . input
    (7) statement -> . error
    (8) statement -> . condition
    (9) print -> . CONSOLE DOT LOG LPAREN arguments RPAREN SEMICOLON
    (30) structure_declaration -> . CLASS VARIABLE LBRACE statements RBRACE
    (10) input -> . VARIABLE ASSIGN INPUT LPAREN RPAREN SEMICOLON
    (11) input -> . VARIABLE ASSIGN INPUT LPAREN RPAREN
    (21) condition -> . IF LPAREN expression condition_operator expression RPAREN LBRACE statements RBRACE

    $end            reduce using rule 1 (program -> statements .)
    error           shift and go to state 7
    CONSOLE         shift and go to state 9
    CLASS           shift and go to state 10
    VARIABLE        shift and go to state 11
    IF              shift and go to state 12

    statement                      shift and go to state 13
    print                          shift and go to state 4
    structure_declaration          shift and go to state 5
    input                          shift and go to state 6
    condition                      shift and go to state 8

state 3

    (2) statements -> statement .

    error           reduce using rule 2 (statements -> statement .)
    CONSOLE         reduce using rule 2 (statements -> statement .)
    CLASS           reduce using rule 2 (statements -> statement .)
    VARIABLE        reduce using rule 2 (statements -> statement .)
    IF              reduce using rule 2 (statements -> statement .)
    $end            reduce using rule 2 (statements -> statement .)
    RBRACE          reduce using rule 2 (statements -> statement .)


state 4

    (4) statement -> print .

    error           reduce using rule 4 (statement -> print .)
    CONSOLE         reduce using rule 4 (statement -> print .)
    CLASS           reduce using rule 4 (statement -> print .)
    VARIABLE        reduce using rule 4 (statement -> print .)
    IF              reduce using rule 4 (statement -> print .)
    $end            reduce using rule 4 (statement -> print .)
    RBRACE          reduce using rule 4 (statement -> print .)


state 5

    (5) statement -> structure_declaration .

    error           reduce using rule 5 (statement -> structure_declaration .)
    CONSOLE         reduce using rule 5 (statement -> structure_declaration .)
    CLASS           reduce using rule 5 (statement -> structure_declaration .)
    VARIABLE        reduce using rule 5 (statement -> structure_declaration .)
    IF              reduce using rule 5 (statement -> structure_declaration .)
    $end            reduce using rule 5 (statement -> structure_declaration .)
    RBRACE          reduce using rule 5 (statement -> structure_declaration .)


state 6

    (6) statement -> input .

    error           reduce using rule 6 (statement -> input .)
    CONSOLE         reduce using rule 6 (statement -> input .)
    CLASS           reduce using rule 6 (statement -> input .)
    VARIABLE        reduce using rule 6 (statement -> input .)
    IF              reduce using rule 6 (statement -> input .)
    $end            reduce using rule 6 (statement -> input .)
    RBRACE          reduce using rule 6 (statement -> input .)


state 7

    (7) statement -> error .

    error           reduce using rule 7 (statement -> error .)
    CONSOLE         reduce using rule 7 (statement -> error .)
    CLASS           reduce using rule 7 (statement -> error .)
    VARIABLE        reduce using rule 7 (statement -> error .)
    IF              reduce using rule 7 (statement -> error .)
    $end            reduce using rule 7 (statement -> error .)
    RBRACE          reduce using rule 7 (statement -> error .)


state 8

    (8) statement -> condition .

    error           reduce using rule 8 (statement -> condition .)
    CONSOLE         reduce using rule 8 (statement -> condition .)
    CLASS           reduce using rule 8 (statement -> condition .)
    VARIABLE        reduce using rule 8 (statement -> condition .)
    IF              reduce using rule 8 (statement -> condition .)
    $end            reduce using rule 8 (statement -> condition .)
    RBRACE          reduce using rule 8 (statement -> condition .)


state 9

    (9) print -> CONSOLE . DOT LOG LPAREN arguments RPAREN SEMICOLON

    DOT             shift and go to state 14


state 10

    (30) structure_declaration -> CLASS . VARIABLE LBRACE statements RBRACE

    VARIABLE        shift and go to state 15


state 11

    (10) input -> VARIABLE . ASSIGN INPUT LPAREN RPAREN SEMICOLON
    (11) input -> VARIABLE . ASSIGN INPUT LPAREN RPAREN

    ASSIGN          shift and go to state 16


state 12

    (21) condition -> IF . LPAREN expression condition_operator expression RPAREN LBRACE statements RBRACE

    LPAREN          shift and go to state 17


state 13

    (3) statements -> statements statement .

    error           reduce using rule 3 (statements -> statements statement .)
    CONSOLE         reduce using rule 3 (statements -> statements statement .)
    CLASS           reduce using rule 3 (statements -> statements statement .)
    VARIABLE        reduce using rule 3 (statements -> statements statement .)
    IF              reduce using rule 3 (statements -> statements statement .)
    $end            reduce using rule 3 (statements -> statements statement .)
    RBRACE          reduce using rule 3 (statements -> statements statement .)


state 14

    (9) print -> CONSOLE DOT . LOG LPAREN arguments RPAREN SEMICOLON

    LOG             shift and go to state 18


state 15

    (30) structure_declaration -> CLASS VARIABLE . LBRACE statements RBRACE

    LBRACE          shift and go to state 19


state 16

    (10) input -> VARIABLE ASSIGN . INPUT LPAREN RPAREN SEMICOLON
    (11) input -> VARIABLE ASSIGN . INPUT LPAREN RPAREN

    INPUT           shift and go to state 20


state 17

    (21) condition -> IF LPAREN . expression condition_operator expression RPAREN LBRACE statements RBRACE
    (12) expression -> . STRING
    (13) expression -> . VARIABLE
    (14) expression -> . NUMBER
    (15) expression -> . expression PLUS expression

    STRING          shift and go to state 22
    VARIABLE        shift and go to state 23
    NUMBER          shift and go to state 24

    expression                     shift and go to state 21

state 18

    (9) print -> CONSOLE DOT LOG . LPAREN arguments RPAREN SEMICOLON

    LPAREN          shift and go to state 25


state 19

    (30) structure_declaration -> CLASS VARIABLE LBRACE . statements RBRACE
    (2) statements -> . statement
    (3) statements -> . statements statement
    (4) statement -> . print
    (5) statement -> . structure_declaration
    (6) statement -> . input
    (7) statement -> . error
    (8) statement -> . condition
    (9) print -> . CONSOLE DOT LOG LPAREN arguments RPAREN SEMICOLON
    (30) structure_declaration -> . CLASS VARIABLE LBRACE statements RBRACE
    (10) input -> . VARIABLE ASSIGN INPUT LPAREN RPAREN SEMICOLON
    (11) input -> . VARIABLE ASSIGN INPUT LPAREN RPAREN
    (21) condition -> . IF LPAREN expression condition_operator expression RPAREN LBRACE statements RBRACE

    error           shift and go to state 7
    CONSOLE         shift and go to state 9
    CLASS           shift and go to state 10
    VARIABLE        shift and go to state 11
    IF              shift and go to state 12

    statements                     shift and go to state 26
    statement                      shift and go to state 3
    print                          shift and go to state 4
    structure_declaration          shift and go to state 5
    input                          shift and go to state 6
    condition                      shift and go to state 8

state 20

    (10) input -> VARIABLE ASSIGN INPUT . LPAREN RPAREN SEMICOLON
    (11) input -> VARIABLE ASSIGN INPUT . LPAREN RPAREN

    LPAREN          shift and go to state 27


state 21

    (21) condition -> IF LPAREN expression . condition_operator expression RPAREN LBRACE statements RBRACE
    (15) expression -> expression . PLUS expression
    (22) condition_operator -> . EQUAL
    (23) condition_operator -> . GREATER
    (24) condition_operator -> . LESS

    PLUS            shift and go to state 29
    EQUAL           shift and go to state 30
    GREATER         shift and go to state 31
    LESS            shift and go to state 32

    condition_operator             shift and go to state 28

state 22

    (12) expression -> STRING .

    PLUS            reduce using rule 12 (expression -> STRING .)
    EQUAL           reduce using rule 12 (expression -> STRING .)
    GREATER         reduce using rule 12 (expression -> STRING .)
    LESS            reduce using rule 12 (expression -> STRING .)
    RPAREN          reduce using rule 12 (expression -> STRING .)


state 23

    (13) expression -> VARIABLE .

    PLUS            reduce using rule 13 (expression -> VARIABLE .)
    EQUAL           reduce using rule 13 (expression -> VARIABLE .)
    GREATER         reduce using rule 13 (expression -> VARIABLE .)
    LESS            reduce using rule 13 (expression -> VARIABLE .)
    RPAREN          reduce using rule 13 (expression -> VARIABLE .)


state 24

    (14) expression -> NUMBER .

    PLUS            reduce using rule 14 (expression -> NUMBER .)
    EQUAL           reduce using rule 14 (expression -> NUMBER .)
    GREATER         reduce using rule 14 (expression -> NUMBER .)
    LESS            reduce using rule 14 (expression -> NUMBER .)
    RPAREN          reduce using rule 14 (expression -> NUMBER .)


state 25

    (9) print -> CONSOLE DOT LOG LPAREN . arguments RPAREN SEMICOLON
    (25) arguments -> . argument
    (26) arguments -> . argument COMMA arguments
    (27) argument -> . STRING
    (28) argument -> . VARIABLE
    (29) argument -> . NUMBER

    STRING          shift and go to state 35
    VARIABLE        shift and go to state 36
    NUMBER          shift and go to state 37

    arguments                      shift and go to state 33
    argument                       shift and go to state 34

state 26

    (30) structure_declaration -> CLASS VARIABLE LBRACE statements . RBRACE
    (3) statements -> statements . statement
    (4) statement -> . print
    (5) statement -> . structure_declaration
    (6) statement -> . input
    (7) statement -> . error
    (8) statement -> . condition
    (9) print -> . CONSOLE DOT LOG LPAREN arguments RPAREN SEMICOLON
    (30) structure_declaration -> . CLASS VARIABLE LBRACE statements RBRACE
    (10) input -> . VARIABLE ASSIGN INPUT LPAREN RPAREN SEMICOLON
    (11) input -> . VARIABLE ASSIGN INPUT LPAREN RPAREN
    (21) condition -> . IF LPAREN expression condition_operator expression RPAREN LBRACE statements RBRACE

    RBRACE          shift and go to state 38
    error           shift and go to state 7
    CONSOLE         shift and go to state 9
    CLASS           shift and go to state 10
    VARIABLE        shift and go to state 11
    IF              shift and go to state 12

    statement                      shift and go to state 13
    print                          shift and go to state 4
    structure_declaration          shift and go to state 5
    input                          shift and go to state 6
    condition                      shift and go to state 8

state 27

    (10) input -> VARIABLE ASSIGN INPUT LPAREN . RPAREN SEMICOLON
    (11) input -> VARIABLE ASSIGN INPUT LPAREN . RPAREN

    RPAREN          shift and go to state 39


state 28

    (21) condition -> IF LPAREN expression condition_operator . expression RPAREN LBRACE statements RBRACE
    (12) expression -> . STRING
    (13) expression -> . VARIABLE
    (14) expression -> . NUMBER
    (15) expression -> . expression PLUS expression

    STRING          shift and go to state 22
    VARIABLE        shift and go to state 23
    NUMBER          shift and go to state 24

    expression                     shift and go to state 40

state 29

    (15) expression -> expression PLUS . expression
    (12) expression -> . STRING
    (13) expression -> . VARIABLE
    (14) expression -> . NUMBER
    (15) expression -> . expression PLUS expression

    STRING          shift and go to state 22
    VARIABLE        shift and go to state 23
    NUMBER          shift and go to state 24

    expression                     shift and go to state 41

state 30

    (22) condition_operator -> EQUAL .

    STRING          reduce using rule 22 (condition_operator -> EQUAL .)
    VARIABLE        reduce using rule 22 (condition_operator -> EQUAL .)
    NUMBER          reduce using rule 22 (condition_operator -> EQUAL .)


state 31

    (23) condition_operator -> GREATER .

    STRING          reduce using rule 23 (condition_operator -> GREATER .)
    VARIABLE        reduce using rule 23 (condition_operator -> GREATER .)
    NUMBER          reduce using rule 23 (condition_operator -> GREATER .)


state 32

    (24) condition_operator -> LESS .

    STRING          reduce using rule 24 (condition_operator -> LESS .)
    VARIABLE        reduce using rule 24 (condition_operator -> LESS .)
    NUMBER          reduce using rule 24 (condition_operator -> LESS .)


state 33

    (9) print -> CONSOLE DOT LOG LPAREN arguments . RPAREN SEMICOLON

    RPAREN          shift and go to state 42


state 34

    (25) arguments -> argument .
    (26) arguments -> argument . COMMA arguments

    RPAREN          reduce using rule 25 (arguments -> argument .)
    COMMA           shift and go to state 43


state 35

    (27) argument -> STRING .

    COMMA           reduce using rule 27 (argument -> STRING .)
    RPAREN          reduce using rule 27 (argument -> STRING .)


state 36

    (28) argument -> VARIABLE .

    COMMA           reduce using rule 28 (argument -> VARIABLE .)
    RPAREN          reduce using rule 28 (argument -> VARIABLE .)


state 37

    (29) argument -> NUMBER .

    COMMA           reduce using rule 29 (argument -> NUMBER .)
    RPAREN          reduce using rule 29 (argument -> NUMBER .)


state 38

    (30) structure_declaration -> CLASS VARIABLE LBRACE statements RBRACE .

    error           reduce using rule 30 (structure_declaration -> CLASS VARIABLE LBRACE statements RBRACE .)
    CONSOLE         reduce using rule 30 (structure_declaration -> CLASS VARIABLE LBRACE statements RBRACE .)
    CLASS           reduce using rule 30 (structure_declaration -> CLASS VARIABLE LBRACE statements RBRACE .)
    VARIABLE        reduce using rule 30 (structure_declaration -> CLASS VARIABLE LBRACE statements RBRACE .)
    IF              reduce using rule 30 (structure_declaration -> CLASS VARIABLE LBRACE statements RBRACE .)
    $end            reduce using rule 30 (structure_declaration -> CLASS VARIABLE LBRACE statements RBRACE .)
    RBRACE          reduce using rule 30 (structure_declaration -> CLASS VARIABLE LBRACE statements RBRACE .)


state 39

    (10) input -> VARIABLE ASSIGN INPUT LPAREN RPAREN . SEMICOLON
    (11) input -> VARIABLE ASSIGN INPUT LPAREN RPAREN .

    SEMICOLON       shift and go to state 44
    error           reduce using rule 11 (input -> VARIABLE ASSIGN INPUT LPAREN RPAREN .)
    CONSOLE         reduce using rule 11 (input -> VARIABLE ASSIGN INPUT LPAREN RPAREN .)
    CLASS           reduce using rule 11 (input -> VARIABLE ASSIGN INPUT LPAREN RPAREN .)
    VARIABLE        reduce using rule 11 (input -> VARIABLE ASSIGN INPUT LPAREN RPAREN .)
    IF              reduce using rule 11 (input -> VARIABLE ASSIGN INPUT LPAREN RPAREN .)
    $end            reduce using rule 11 (input -> VARIABLE ASSIGN INPUT LPAREN RPAREN .)
    RBRACE          reduce using rule 11 (input -> VARIABLE ASSIGN INPUT LPAREN RPAREN .)


state 40

    (21) condition -> IF LPAREN expression condition_operator expression . RPAREN LBRACE statements RBRACE
    (15) expression -> expression . PLUS expression

    RPAREN          shift and go to state 45
    PLUS            shift and go to state 29


state 41

    (15) expression -> expression PLUS expression .
    (15) expression -> expression . PLUS expression

  ! shift/reduce conflict for PLUS resolved as shift
    EQUAL           reduce using rule 15 (expression -> expression PLUS expression .)
    GREATER         reduce using rule 15 (expression -> expression PLUS expression .)
    LESS            reduce using rule 15 (expression -> expression PLUS expression .)
    RPAREN          reduce using rule 15 (expression -> expression PLUS expression .)
    PLUS            shift and go to state 29

  ! PLUS            [ reduce using rule 15 (expression -> expression PLUS expression .) ]


state 42

    (9) print -> CONSOLE DOT LOG LPAREN arguments RPAREN . SEMICOLON

    SEMICOLON       shift and go to state 46


state 43

    (26) arguments -> argument COMMA . arguments
    (25) arguments -> . argument
    (26) arguments -> . argument COMMA arguments
    (27) argument -> . STRING
    (28) argument -> . VARIABLE
    (29) argument -> . NUMBER

    STRING          shift and go to state 35
    VARIABLE        shift and go to state 36
    NUMBER          shift and go to state 37

    argument                       shift and go to state 34
    arguments                      shift and go to state 47

state 44

    (10) input -> VARIABLE ASSIGN INPUT LPAREN RPAREN SEMICOLON .

    error           reduce using rule 10 (input -> VARIABLE ASSIGN INPUT LPAREN RPAREN SEMICOLON .)
    CONSOLE         reduce using rule 10 (input -> VARIABLE ASSIGN INPUT LPAREN RPAREN SEMICOLON .)
    CLASS           reduce using rule 10 (input -> VARIABLE ASSIGN INPUT LPAREN RPAREN SEMICOLON .)
    VARIABLE        reduce using rule 10 (input -> VARIABLE ASSIGN INPUT LPAREN RPAREN SEMICOLON .)
    IF              reduce using rule 10 (input -> VARIABLE ASSIGN INPUT LPAREN RPAREN SEMICOLON .)
    $end            reduce using rule 10 (input -> VARIABLE ASSIGN INPUT LPAREN RPAREN SEMICOLON .)
    RBRACE          reduce using rule 10 (input -> VARIABLE ASSIGN INPUT LPAREN RPAREN SEMICOLON .)


state 45

    (21) condition -> IF LPAREN expression condition_operator expression RPAREN . LBRACE statements RBRACE

    LBRACE          shift and go to state 48


state 46

    (9) print -> CONSOLE DOT LOG LPAREN arguments RPAREN SEMICOLON .

    error           reduce using rule 9 (print -> CONSOLE DOT LOG LPAREN arguments RPAREN SEMICOLON .)
    CONSOLE         reduce using rule 9 (print -> CONSOLE DOT LOG LPAREN arguments RPAREN SEMICOLON .)
    CLASS           reduce using rule 9 (print -> CONSOLE DOT LOG LPAREN arguments RPAREN SEMICOLON .)
    VARIABLE        reduce using rule 9 (print -> CONSOLE DOT LOG LPAREN arguments RPAREN SEMICOLON .)
    IF              reduce using rule 9 (print -> CONSOLE DOT LOG LPAREN arguments RPAREN SEMICOLON .)
    $end            reduce using rule 9 (print -> CONSOLE DOT LOG LPAREN arguments RPAREN SEMICOLON .)
    RBRACE          reduce using rule 9 (print -> CONSOLE DOT LOG LPAREN arguments RPAREN SEMICOLON .)


state 47

    (26) arguments -> argument COMMA arguments .

    RPAREN          reduce using rule 26 (arguments -> argument COMMA arguments .)


state 48

    (21) condition -> IF LPAREN expression condition_operator expression RPAREN LBRACE . statements RBRACE
    (2) statements -> . statement
    (3) statements -> . statements statement
    (4) statement -> . print
    (5) statement -> . structure_declaration
    (6) statement -> . input
    (7) statement -> . error
    (8) statement -> . condition
    (9) print -> . CONSOLE DOT LOG LPAREN arguments RPAREN SEMICOLON
    (30) structure_declaration -> . CLASS VARIABLE LBRACE statements RBRACE
    (10) input -> . VARIABLE ASSIGN INPUT LPAREN RPAREN SEMICOLON
    (11) input -> . VARIABLE ASSIGN INPUT LPAREN RPAREN
    (21) condition -> . IF LPAREN expression condition_operator expression RPAREN LBRACE statements RBRACE

    error           shift and go to state 7
    CONSOLE         shift and go to state 9
    CLASS           shift and go to state 10
    VARIABLE        shift and go to state 11
    IF              shift and go to state 12

    statements                     shift and go to state 49
    statement                      shift and go to state 3
    print                          shift and go to state 4
    structure_declaration          shift and go to state 5
    input                          shift and go to state 6
    condition                      shift and go to state 8

state 49

    (21) condition -> IF LPAREN expression condition_operator expression RPAREN LBRACE statements . RBRACE
    (3) statements -> statements . statement
    (4) statement -> . print
    (5) statement -> . structure_declaration
    (6) statement -> . input
    (7) statement -> . error
    (8) statement -> . condition
    (9) print -> . CONSOLE DOT LOG LPAREN arguments RPAREN SEMICOLON
    (30) structure_declaration -> . CLASS VARIABLE LBRACE statements RBRACE
    (10) input -> . VARIABLE ASSIGN INPUT LPAREN RPAREN SEMICOLON
    (11) input -> . VARIABLE ASSIGN INPUT LPAREN RPAREN
    (21) condition -> . IF LPAREN expression condition_operator expression RPAREN LBRACE statements RBRACE

    RBRACE          shift and go to state 50
    error           shift and go to state 7
    CONSOLE         shift and go to state 9
    CLASS           shift and go to state 10
    VARIABLE        shift and go to state 11
    IF              shift and go to state 12

    statement                      shift and go to state 13
    print                          shift and go to state 4
    structure_declaration          shift and go to state 5
    input                          shift and go to state 6
    condition                      shift and go to state 8

state 50

    (21) condition -> IF LPAREN expression condition_operator expression RPAREN LBRACE statements RBRACE .

    error           reduce using rule 21 (condition -> IF LPAREN expression condition_operator expression RPAREN LBRACE statements RBRACE .)
    CONSOLE         reduce using rule 21 (condition -> IF LPAREN expression condition_operator expression RPAREN LBRACE statements RBRACE .)
    CLASS           reduce using rule 21 (condition -> IF LPAREN expression condition_operator expression RPAREN LBRACE statements RBRACE .)
    VARIABLE        reduce using rule 21 (condition -> IF LPAREN expression condition_operator expression RPAREN LBRACE statements RBRACE .)
    IF              reduce using rule 21 (condition -> IF LPAREN expression condition_operator expression RPAREN LBRACE statements RBRACE .)
    $end            reduce using rule 21 (condition -> IF LPAREN expression condition_operator expression RPAREN LBRACE statements RBRACE .)
    RBRACE          reduce using rule 21 (condition -> IF LPAREN expression condition_operator expression RPAREN LBRACE statements RBRACE .)

WARNING: 
WARNING: Conflicts:
WARNING: 
WARNING: shift/reduce conflict for PLUS in state 41 resolved as shift
